running egg_info
writing ../../build/mi_proyecto_de_ros2/mi_proyecto_de_ros2.egg-info/PKG-INFO
writing dependency_links to ../../build/mi_proyecto_de_ros2/mi_proyecto_de_ros2.egg-info/dependency_links.txt
writing entry points to ../../build/mi_proyecto_de_ros2/mi_proyecto_de_ros2.egg-info/entry_points.txt
writing requirements to ../../build/mi_proyecto_de_ros2/mi_proyecto_de_ros2.egg-info/requires.txt
writing top-level names to ../../build/mi_proyecto_de_ros2/mi_proyecto_de_ros2.egg-info/top_level.txt
reading manifest file '../../build/mi_proyecto_de_ros2/mi_proyecto_de_ros2.egg-info/SOURCES.txt'
writing manifest file '../../build/mi_proyecto_de_ros2/mi_proyecto_de_ros2.egg-info/SOURCES.txt'
running build
running build_py
copying mi_proyecto_de_ros2/mi_nodo_teleop.py -> /home/josue/Documentos/JOSUE/04_ROS/ros2_ws/build/mi_proyecto_de_ros2/build/lib/mi_proyecto_de_ros2
running install
running install_lib
copying /home/josue/Documentos/JOSUE/04_ROS/ros2_ws/build/mi_proyecto_de_ros2/build/lib/mi_proyecto_de_ros2/mi_nodo_teleop.py -> /home/josue/Documentos/JOSUE/04_ROS/ros2_ws/install/mi_proyecto_de_ros2/lib/python3.10/site-packages/mi_proyecto_de_ros2
byte-compiling /home/josue/Documentos/JOSUE/04_ROS/ros2_ws/install/mi_proyecto_de_ros2/lib/python3.10/site-packages/mi_proyecto_de_ros2/mi_nodo_teleop.py to mi_nodo_teleop.cpython-310.pyc
running install_data
running install_egg_info
removing '/home/josue/Documentos/JOSUE/04_ROS/ros2_ws/install/mi_proyecto_de_ros2/lib/python3.10/site-packages/mi_proyecto_de_ros2-0.0.0-py3.10.egg-info' (and everything under it)
Copying ../../build/mi_proyecto_de_ros2/mi_proyecto_de_ros2.egg-info to /home/josue/Documentos/JOSUE/04_ROS/ros2_ws/install/mi_proyecto_de_ros2/lib/python3.10/site-packages/mi_proyecto_de_ros2-0.0.0-py3.10.egg-info
running install_scripts
Installing mi_nodo_teleop script to /home/josue/Documentos/JOSUE/04_ROS/ros2_ws/install/mi_proyecto_de_ros2/lib/mi_proyecto_de_ros2
Installing mi_primer_nodo script to /home/josue/Documentos/JOSUE/04_ROS/ros2_ws/install/mi_proyecto_de_ros2/lib/mi_proyecto_de_ros2
writing list of installed files to '/home/josue/Documentos/JOSUE/04_ROS/ros2_ws/build/mi_proyecto_de_ros2/install.log'
