[0.475s] Invoking command in '/home/josue/Documentos/JOSUE/04_ROS/ros2_ws/src/mi_proyecto_de_ros2': PYTHONPATH=/home/josue/Documentos/JOSUE/04_ROS/ros2_ws/build/mi_proyecto_de_ros2/prefix_override:/usr/lib/python3/dist-packages/colcon_core/task/python/colcon_distutils_commands:/home/josue/Documentos/JOSUE/04_ROS/ros2_ws/install/mi_proyecto_de_ros2/lib/python3.10/site-packages:${PYTHONPATH} /usr/bin/python3 -W ignore:setup.py install is deprecated -W ignore:easy_install command is deprecated setup.py egg_info --egg-base ../../build/mi_proyecto_de_ros2 build --build-base /home/josue/Documentos/JOSUE/04_ROS/ros2_ws/build/mi_proyecto_de_ros2/build install --record /home/josue/Documentos/JOSUE/04_ROS/ros2_ws/build/mi_proyecto_de_ros2/install.log --single-version-externally-managed install_data
[0.648s] running egg_info
[0.648s] writing ../../build/mi_proyecto_de_ros2/mi_proyecto_de_ros2.egg-info/PKG-INFO
[0.649s] writing dependency_links to ../../build/mi_proyecto_de_ros2/mi_proyecto_de_ros2.egg-info/dependency_links.txt
[0.649s] writing entry points to ../../build/mi_proyecto_de_ros2/mi_proyecto_de_ros2.egg-info/entry_points.txt
[0.650s] writing requirements to ../../build/mi_proyecto_de_ros2/mi_proyecto_de_ros2.egg-info/requires.txt
[0.650s] writing top-level names to ../../build/mi_proyecto_de_ros2/mi_proyecto_de_ros2.egg-info/top_level.txt
[0.652s] reading manifest file '../../build/mi_proyecto_de_ros2/mi_proyecto_de_ros2.egg-info/SOURCES.txt'
[0.653s] writing manifest file '../../build/mi_proyecto_de_ros2/mi_proyecto_de_ros2.egg-info/SOURCES.txt'
[0.653s] running build
[0.653s] running build_py
[0.653s] copying mi_proyecto_de_ros2/mi_nodo_teleop.py -> /home/josue/Documentos/JOSUE/04_ROS/ros2_ws/build/mi_proyecto_de_ros2/build/lib/mi_proyecto_de_ros2
[0.654s] running install
[0.654s] running install_lib
[0.655s] copying /home/josue/Documentos/JOSUE/04_ROS/ros2_ws/build/mi_proyecto_de_ros2/build/lib/mi_proyecto_de_ros2/mi_nodo_teleop.py -> /home/josue/Documentos/JOSUE/04_ROS/ros2_ws/install/mi_proyecto_de_ros2/lib/python3.10/site-packages/mi_proyecto_de_ros2
[0.655s] byte-compiling /home/josue/Documentos/JOSUE/04_ROS/ros2_ws/install/mi_proyecto_de_ros2/lib/python3.10/site-packages/mi_proyecto_de_ros2/mi_nodo_teleop.py to mi_nodo_teleop.cpython-310.pyc
[0.656s] running install_data
[0.656s] running install_egg_info
[0.658s] removing '/home/josue/Documentos/JOSUE/04_ROS/ros2_ws/install/mi_proyecto_de_ros2/lib/python3.10/site-packages/mi_proyecto_de_ros2-0.0.0-py3.10.egg-info' (and everything under it)
[0.659s] Copying ../../build/mi_proyecto_de_ros2/mi_proyecto_de_ros2.egg-info to /home/josue/Documentos/JOSUE/04_ROS/ros2_ws/install/mi_proyecto_de_ros2/lib/python3.10/site-packages/mi_proyecto_de_ros2-0.0.0-py3.10.egg-info
[0.661s] running install_scripts
[0.679s] Installing mi_nodo_teleop script to /home/josue/Documentos/JOSUE/04_ROS/ros2_ws/install/mi_proyecto_de_ros2/lib/mi_proyecto_de_ros2
[0.679s] Installing mi_primer_nodo script to /home/josue/Documentos/JOSUE/04_ROS/ros2_ws/install/mi_proyecto_de_ros2/lib/mi_proyecto_de_ros2
[0.680s] writing list of installed files to '/home/josue/Documentos/JOSUE/04_ROS/ros2_ws/build/mi_proyecto_de_ros2/install.log'
[0.702s] Invoked command in '/home/josue/Documentos/JOSUE/04_ROS/ros2_ws/src/mi_proyecto_de_ros2' returned '0': PYTHONPATH=/home/josue/Documentos/JOSUE/04_ROS/ros2_ws/build/mi_proyecto_de_ros2/prefix_override:/usr/lib/python3/dist-packages/colcon_core/task/python/colcon_distutils_commands:/home/josue/Documentos/JOSUE/04_ROS/ros2_ws/install/mi_proyecto_de_ros2/lib/python3.10/site-packages:${PYTHONPATH} /usr/bin/python3 -W ignore:setup.py install is deprecated -W ignore:easy_install command is deprecated setup.py egg_info --egg-base ../../build/mi_proyecto_de_ros2 build --build-base /home/josue/Documentos/JOSUE/04_ROS/ros2_ws/build/mi_proyecto_de_ros2/build install --record /home/josue/Documentos/JOSUE/04_ROS/ros2_ws/build/mi_proyecto_de_ros2/install.log --single-version-externally-managed install_data
