[0.143s] DEBUG:colcon:Command line arguments: ['/usr/bin/colcon', 'build', '--packages-select', 'basic_mobile_robot']
[0.143s] DEBUG:colcon:Parsed command line arguments: Namespace(log_base=None, log_level=None, verb_name='build', build_base='build', install_base='install', merge_install=False, symlink_install=False, test_result_base=None, continue_on_error=False, executor='parallel', parallel_workers=3, event_handlers=None, ignore_user_meta=False, metas=['./colcon.meta'], base_paths=['.'], packages_ignore=None, packages_ignore_regex=None, paths=None, packages_up_to=None, packages_up_to_regex=None, packages_above=None, packages_above_and_dependencies=None, packages_above_depth=None, packages_select_by_dep=None, packages_skip_by_dep=None, packages_skip_up_to=None, packages_select_build_failed=False, packages_skip_build_finished=False, packages_select_test_failures=False, packages_skip_test_passed=False, packages_select=['basic_mobile_robot'], packages_skip=None, packages_select_regex=None, packages_skip_regex=None, packages_start=None, packages_end=None, allow_overriding=[], cmake_args=None, cmake_target=None, cmake_target_skip_unavailable=False, cmake_clean_cache=False, cmake_clean_first=False, cmake_force_configure=False, ament_cmake_args=None, catkin_cmake_args=None, catkin_skip_building_tests=False, mixin_files=None, mixin=None, verb_parser=<colcon_mixin.mixin.mixin_argument.MixinArgumentDecorator object at 0x73834334f910>, verb_extension=<colcon_core.verb.build.BuildVerb object at 0x738343417820>, main=<bound method BuildVerb.main of <colcon_core.verb.build.BuildVerb object at 0x738343417820>>, mixin_verb=('build',))
[0.351s] Level 1:colcon.colcon_core.package_discovery:discover_packages(colcon_meta) check parameters
[0.351s] Level 1:colcon.colcon_core.package_discovery:discover_packages(recursive) check parameters
[0.351s] Level 1:colcon.colcon_core.package_discovery:discover_packages(ignore) check parameters
[0.351s] Level 1:colcon.colcon_core.package_discovery:discover_packages(path) check parameters
[0.351s] Level 1:colcon.colcon_core.package_discovery:discover_packages(colcon_meta) discover
[0.351s] Level 1:colcon.colcon_core.package_discovery:discover_packages(recursive) discover
[0.351s] INFO:colcon.colcon_core.package_discovery:Crawling recursively for packages in '/home/josue/Documentos/JOSUE/04_ROS/ros2_ws'
[0.351s] Level 1:colcon.colcon_core.package_identification:_identify(.) by extensions ['ignore', 'ignore_ament_install']
[0.351s] Level 1:colcon.colcon_core.package_identification:_identify(.) by extension 'ignore'
[0.351s] Level 1:colcon.colcon_core.package_identification:_identify(.) by extension 'ignore_ament_install'
[0.351s] Level 1:colcon.colcon_core.package_identification:_identify(.) by extensions ['colcon_pkg']
[0.351s] Level 1:colcon.colcon_core.package_identification:_identify(.) by extension 'colcon_pkg'
[0.352s] Level 1:colcon.colcon_core.package_identification:_identify(.) by extensions ['colcon_meta']
[0.352s] Level 1:colcon.colcon_core.package_identification:_identify(.) by extension 'colcon_meta'
[0.352s] Level 1:colcon.colcon_core.package_identification:_identify(.) by extensions ['ros']
[0.352s] Level 1:colcon.colcon_core.package_identification:_identify(.) by extension 'ros'
[0.384s] Level 1:colcon.colcon_core.package_identification:_identify(.) by extensions ['cmake', 'python']
[0.384s] Level 1:colcon.colcon_core.package_identification:_identify(.) by extension 'cmake'
[0.384s] Level 1:colcon.colcon_core.package_identification:_identify(.) by extension 'python'
[0.384s] Level 1:colcon.colcon_core.package_identification:_identify(.) by extensions ['python_setup_py']
[0.385s] Level 1:colcon.colcon_core.package_identification:_identify(.) by extension 'python_setup_py'
[0.385s] Level 1:colcon.colcon_core.package_identification:_identify(build) by extensions ['ignore', 'ignore_ament_install']
[0.385s] Level 1:colcon.colcon_core.package_identification:_identify(build) by extension 'ignore'
[0.385s] Level 1:colcon.colcon_core.package_identification:_identify(build) ignored
[0.385s] Level 1:colcon.colcon_core.package_identification:_identify(install) by extensions ['ignore', 'ignore_ament_install']
[0.385s] Level 1:colcon.colcon_core.package_identification:_identify(install) by extension 'ignore'
[0.385s] Level 1:colcon.colcon_core.package_identification:_identify(install) ignored
[0.385s] Level 1:colcon.colcon_core.package_identification:_identify(log) by extensions ['ignore', 'ignore_ament_install']
[0.385s] Level 1:colcon.colcon_core.package_identification:_identify(log) by extension 'ignore'
[0.385s] Level 1:colcon.colcon_core.package_identification:_identify(log) ignored
[0.385s] Level 1:colcon.colcon_core.package_identification:_identify(src) by extensions ['ignore', 'ignore_ament_install']
[0.385s] Level 1:colcon.colcon_core.package_identification:_identify(src) by extension 'ignore'
[0.386s] Level 1:colcon.colcon_core.package_identification:_identify(src) by extension 'ignore_ament_install'
[0.386s] Level 1:colcon.colcon_core.package_identification:_identify(src) by extensions ['colcon_pkg']
[0.386s] Level 1:colcon.colcon_core.package_identification:_identify(src) by extension 'colcon_pkg'
[0.386s] Level 1:colcon.colcon_core.package_identification:_identify(src) by extensions ['colcon_meta']
[0.386s] Level 1:colcon.colcon_core.package_identification:_identify(src) by extension 'colcon_meta'
[0.386s] Level 1:colcon.colcon_core.package_identification:_identify(src) by extensions ['ros']
[0.386s] Level 1:colcon.colcon_core.package_identification:_identify(src) by extension 'ros'
[0.386s] Level 1:colcon.colcon_core.package_identification:_identify(src) by extensions ['cmake', 'python']
[0.386s] Level 1:colcon.colcon_core.package_identification:_identify(src) by extension 'cmake'
[0.386s] Level 1:colcon.colcon_core.package_identification:_identify(src) by extension 'python'
[0.386s] Level 1:colcon.colcon_core.package_identification:_identify(src) by extensions ['python_setup_py']
[0.386s] Level 1:colcon.colcon_core.package_identification:_identify(src) by extension 'python_setup_py'
[0.386s] Level 1:colcon.colcon_core.package_identification:_identify(src/agv_description) by extensions ['ignore', 'ignore_ament_install']
[0.386s] Level 1:colcon.colcon_core.package_identification:_identify(src/agv_description) by extension 'ignore'
[0.386s] Level 1:colcon.colcon_core.package_identification:_identify(src/agv_description) by extension 'ignore_ament_install'
[0.387s] Level 1:colcon.colcon_core.package_identification:_identify(src/agv_description) by extensions ['colcon_pkg']
[0.387s] Level 1:colcon.colcon_core.package_identification:_identify(src/agv_description) by extension 'colcon_pkg'
[0.387s] Level 1:colcon.colcon_core.package_identification:_identify(src/agv_description) by extensions ['colcon_meta']
[0.387s] Level 1:colcon.colcon_core.package_identification:_identify(src/agv_description) by extension 'colcon_meta'
[0.387s] Level 1:colcon.colcon_core.package_identification:_identify(src/agv_description) by extensions ['ros']
[0.387s] Level 1:colcon.colcon_core.package_identification:_identify(src/agv_description) by extension 'ros'
[0.387s] Level 1:colcon.colcon_core.package_identification:_identify(src/agv_description) by extensions ['cmake', 'python']
[0.387s] Level 1:colcon.colcon_core.package_identification:_identify(src/agv_description) by extension 'cmake'
[0.387s] Level 1:colcon.colcon_core.package_identification:_identify(src/agv_description) by extension 'python'
[0.387s] Level 1:colcon.colcon_core.package_identification:_identify(src/agv_description) by extensions ['python_setup_py']
[0.387s] Level 1:colcon.colcon_core.package_identification:_identify(src/agv_description) by extension 'python_setup_py'
[0.387s] Level 1:colcon.colcon_core.package_identification:_identify(src/agv_description/launch) by extensions ['ignore', 'ignore_ament_install']
[0.387s] Level 1:colcon.colcon_core.package_identification:_identify(src/agv_description/launch) by extension 'ignore'
[0.387s] Level 1:colcon.colcon_core.package_identification:_identify(src/agv_description/launch) by extension 'ignore_ament_install'
[0.387s] Level 1:colcon.colcon_core.package_identification:_identify(src/agv_description/launch) by extensions ['colcon_pkg']
[0.387s] Level 1:colcon.colcon_core.package_identification:_identify(src/agv_description/launch) by extension 'colcon_pkg'
[0.387s] Level 1:colcon.colcon_core.package_identification:_identify(src/agv_description/launch) by extensions ['colcon_meta']
[0.388s] Level 1:colcon.colcon_core.package_identification:_identify(src/agv_description/launch) by extension 'colcon_meta'
[0.388s] Level 1:colcon.colcon_core.package_identification:_identify(src/agv_description/launch) by extensions ['ros']
[0.388s] Level 1:colcon.colcon_core.package_identification:_identify(src/agv_description/launch) by extension 'ros'
[0.388s] Level 1:colcon.colcon_core.package_identification:_identify(src/agv_description/launch) by extensions ['cmake', 'python']
[0.388s] Level 1:colcon.colcon_core.package_identification:_identify(src/agv_description/launch) by extension 'cmake'
[0.388s] Level 1:colcon.colcon_core.package_identification:_identify(src/agv_description/launch) by extension 'python'
[0.388s] Level 1:colcon.colcon_core.package_identification:_identify(src/agv_description/launch) by extensions ['python_setup_py']
[0.388s] Level 1:colcon.colcon_core.package_identification:_identify(src/agv_description/launch) by extension 'python_setup_py'
[0.388s] Level 1:colcon.colcon_core.package_identification:_identify(src/agv_description/urdf) by extensions ['ignore', 'ignore_ament_install']
[0.388s] Level 1:colcon.colcon_core.package_identification:_identify(src/agv_description/urdf) by extension 'ignore'
[0.388s] Level 1:colcon.colcon_core.package_identification:_identify(src/agv_description/urdf) by extension 'ignore_ament_install'
[0.388s] Level 1:colcon.colcon_core.package_identification:_identify(src/agv_description/urdf) by extensions ['colcon_pkg']
[0.388s] Level 1:colcon.colcon_core.package_identification:_identify(src/agv_description/urdf) by extension 'colcon_pkg'
[0.389s] Level 1:colcon.colcon_core.package_identification:_identify(src/agv_description/urdf) by extensions ['colcon_meta']
[0.389s] Level 1:colcon.colcon_core.package_identification:_identify(src/agv_description/urdf) by extension 'colcon_meta'
[0.389s] Level 1:colcon.colcon_core.package_identification:_identify(src/agv_description/urdf) by extensions ['ros']
[0.389s] Level 1:colcon.colcon_core.package_identification:_identify(src/agv_description/urdf) by extension 'ros'
[0.389s] Level 1:colcon.colcon_core.package_identification:_identify(src/agv_description/urdf) by extensions ['cmake', 'python']
[0.389s] Level 1:colcon.colcon_core.package_identification:_identify(src/agv_description/urdf) by extension 'cmake'
[0.389s] Level 1:colcon.colcon_core.package_identification:_identify(src/agv_description/urdf) by extension 'python'
[0.389s] Level 1:colcon.colcon_core.package_identification:_identify(src/agv_description/urdf) by extensions ['python_setup_py']
[0.389s] Level 1:colcon.colcon_core.package_identification:_identify(src/agv_description/urdf) by extension 'python_setup_py'
[0.389s] Level 1:colcon.colcon_core.package_identification:_identify(src/basic_mobile_robot) by extensions ['ignore', 'ignore_ament_install']
[0.389s] Level 1:colcon.colcon_core.package_identification:_identify(src/basic_mobile_robot) by extension 'ignore'
[0.389s] Level 1:colcon.colcon_core.package_identification:_identify(src/basic_mobile_robot) by extension 'ignore_ament_install'
[0.389s] Level 1:colcon.colcon_core.package_identification:_identify(src/basic_mobile_robot) by extensions ['colcon_pkg']
[0.390s] Level 1:colcon.colcon_core.package_identification:_identify(src/basic_mobile_robot) by extension 'colcon_pkg'
[0.390s] Level 1:colcon.colcon_core.package_identification:_identify(src/basic_mobile_robot) by extensions ['colcon_meta']
[0.390s] Level 1:colcon.colcon_core.package_identification:_identify(src/basic_mobile_robot) by extension 'colcon_meta'
[0.390s] Level 1:colcon.colcon_core.package_identification:_identify(src/basic_mobile_robot) by extensions ['ros']
[0.390s] Level 1:colcon.colcon_core.package_identification:_identify(src/basic_mobile_robot) by extension 'ros'
[0.396s] DEBUG:colcon.colcon_core.package_identification:Package 'src/basic_mobile_robot' with type 'ros.ament_cmake' and name 'basic_mobile_robot'
[0.396s] Level 1:colcon.colcon_core.package_identification:_identify(src/line_follower_pkg) by extensions ['ignore', 'ignore_ament_install']
[0.397s] Level 1:colcon.colcon_core.package_identification:_identify(src/line_follower_pkg) by extension 'ignore'
[0.397s] Level 1:colcon.colcon_core.package_identification:_identify(src/line_follower_pkg) by extension 'ignore_ament_install'
[0.397s] Level 1:colcon.colcon_core.package_identification:_identify(src/line_follower_pkg) by extensions ['colcon_pkg']
[0.397s] Level 1:colcon.colcon_core.package_identification:_identify(src/line_follower_pkg) by extension 'colcon_pkg'
[0.397s] Level 1:colcon.colcon_core.package_identification:_identify(src/line_follower_pkg) by extensions ['colcon_meta']
[0.397s] Level 1:colcon.colcon_core.package_identification:_identify(src/line_follower_pkg) by extension 'colcon_meta'
[0.397s] Level 1:colcon.colcon_core.package_identification:_identify(src/line_follower_pkg) by extensions ['ros']
[0.397s] Level 1:colcon.colcon_core.package_identification:_identify(src/line_follower_pkg) by extension 'ros'
[0.397s] Level 1:colcon.colcon_core.package_identification:_identify(src/line_follower_pkg) by extensions ['cmake', 'python']
[0.397s] Level 1:colcon.colcon_core.package_identification:_identify(src/line_follower_pkg) by extension 'cmake'
[0.397s] Level 1:colcon.colcon_core.package_identification:_identify(src/line_follower_pkg) by extension 'python'
[0.397s] Level 1:colcon.colcon_core.package_identification:_identify(src/line_follower_pkg) by extensions ['python_setup_py']
[0.397s] Level 1:colcon.colcon_core.package_identification:_identify(src/line_follower_pkg) by extension 'python_setup_py'
[0.397s] Level 1:colcon.colcon_core.package_identification:_identify(src/line_follower_pkg/launch) by extensions ['ignore', 'ignore_ament_install']
[0.398s] Level 1:colcon.colcon_core.package_identification:_identify(src/line_follower_pkg/launch) by extension 'ignore'
[0.398s] Level 1:colcon.colcon_core.package_identification:_identify(src/line_follower_pkg/launch) by extension 'ignore_ament_install'
[0.398s] Level 1:colcon.colcon_core.package_identification:_identify(src/line_follower_pkg/launch) by extensions ['colcon_pkg']
[0.398s] Level 1:colcon.colcon_core.package_identification:_identify(src/line_follower_pkg/launch) by extension 'colcon_pkg'
[0.398s] Level 1:colcon.colcon_core.package_identification:_identify(src/line_follower_pkg/launch) by extensions ['colcon_meta']
[0.398s] Level 1:colcon.colcon_core.package_identification:_identify(src/line_follower_pkg/launch) by extension 'colcon_meta'
[0.398s] Level 1:colcon.colcon_core.package_identification:_identify(src/line_follower_pkg/launch) by extensions ['ros']
[0.398s] Level 1:colcon.colcon_core.package_identification:_identify(src/line_follower_pkg/launch) by extension 'ros'
[0.398s] Level 1:colcon.colcon_core.package_identification:_identify(src/line_follower_pkg/launch) by extensions ['cmake', 'python']
[0.398s] Level 1:colcon.colcon_core.package_identification:_identify(src/line_follower_pkg/launch) by extension 'cmake'
[0.398s] Level 1:colcon.colcon_core.package_identification:_identify(src/line_follower_pkg/launch) by extension 'python'
[0.398s] Level 1:colcon.colcon_core.package_identification:_identify(src/line_follower_pkg/launch) by extensions ['python_setup_py']
[0.398s] Level 1:colcon.colcon_core.package_identification:_identify(src/line_follower_pkg/launch) by extension 'python_setup_py'
[0.398s] Level 1:colcon.colcon_core.package_identification:_identify(src/line_follower_pkg/line_follower_pkg) by extensions ['ignore', 'ignore_ament_install']
[0.398s] Level 1:colcon.colcon_core.package_identification:_identify(src/line_follower_pkg/line_follower_pkg) by extension 'ignore'
[0.398s] Level 1:colcon.colcon_core.package_identification:_identify(src/line_follower_pkg/line_follower_pkg) by extension 'ignore_ament_install'
[0.399s] Level 1:colcon.colcon_core.package_identification:_identify(src/line_follower_pkg/line_follower_pkg) by extensions ['colcon_pkg']
[0.399s] Level 1:colcon.colcon_core.package_identification:_identify(src/line_follower_pkg/line_follower_pkg) by extension 'colcon_pkg'
[0.399s] Level 1:colcon.colcon_core.package_identification:_identify(src/line_follower_pkg/line_follower_pkg) by extensions ['colcon_meta']
[0.399s] Level 1:colcon.colcon_core.package_identification:_identify(src/line_follower_pkg/line_follower_pkg) by extension 'colcon_meta'
[0.399s] Level 1:colcon.colcon_core.package_identification:_identify(src/line_follower_pkg/line_follower_pkg) by extensions ['ros']
[0.399s] Level 1:colcon.colcon_core.package_identification:_identify(src/line_follower_pkg/line_follower_pkg) by extension 'ros'
[0.399s] Level 1:colcon.colcon_core.package_identification:_identify(src/line_follower_pkg/line_follower_pkg) by extensions ['cmake', 'python']
[0.399s] Level 1:colcon.colcon_core.package_identification:_identify(src/line_follower_pkg/line_follower_pkg) by extension 'cmake'
[0.399s] Level 1:colcon.colcon_core.package_identification:_identify(src/line_follower_pkg/line_follower_pkg) by extension 'python'
[0.399s] Level 1:colcon.colcon_core.package_identification:_identify(src/line_follower_pkg/line_follower_pkg) by extensions ['python_setup_py']
[0.399s] Level 1:colcon.colcon_core.package_identification:_identify(src/line_follower_pkg/line_follower_pkg) by extension 'python_setup_py'
[0.399s] Level 1:colcon.colcon_core.package_identification:_identify(src/mi_proyecto_de_ros2) by extensions ['ignore', 'ignore_ament_install']
[0.399s] Level 1:colcon.colcon_core.package_identification:_identify(src/mi_proyecto_de_ros2) by extension 'ignore'
[0.399s] Level 1:colcon.colcon_core.package_identification:_identify(src/mi_proyecto_de_ros2) by extension 'ignore_ament_install'
[0.399s] Level 1:colcon.colcon_core.package_identification:_identify(src/mi_proyecto_de_ros2) by extensions ['colcon_pkg']
[0.399s] Level 1:colcon.colcon_core.package_identification:_identify(src/mi_proyecto_de_ros2) by extension 'colcon_pkg'
[0.399s] Level 1:colcon.colcon_core.package_identification:_identify(src/mi_proyecto_de_ros2) by extensions ['colcon_meta']
[0.399s] Level 1:colcon.colcon_core.package_identification:_identify(src/mi_proyecto_de_ros2) by extension 'colcon_meta'
[0.399s] Level 1:colcon.colcon_core.package_identification:_identify(src/mi_proyecto_de_ros2) by extensions ['ros']
[0.399s] Level 1:colcon.colcon_core.package_identification:_identify(src/mi_proyecto_de_ros2) by extension 'ros'
[0.400s] DEBUG:colcon.colcon_core.package_identification:Package 'src/mi_proyecto_de_ros2' with type 'ros.ament_python' and name 'mi_proyecto_de_ros2'
[0.400s] Level 1:colcon.colcon_core.package_discovery:discover_packages(recursive) using defaults
[0.400s] Level 1:colcon.colcon_core.package_discovery:discover_packages(ignore) discover
[0.400s] Level 1:colcon.colcon_core.package_discovery:discover_packages(ignore) using defaults
[0.400s] Level 1:colcon.colcon_core.package_discovery:discover_packages(path) discover
[0.400s] Level 1:colcon.colcon_core.package_discovery:discover_packages(path) using defaults
[0.431s] INFO:colcon.colcon_core.package_selection:Skipping not selected package 'mi_proyecto_de_ros2' in 'src/mi_proyecto_de_ros2'
[0.431s] Level 1:colcon.colcon_core.package_discovery:discover_packages(prefix_path) check parameters
[0.431s] Level 1:colcon.colcon_core.package_discovery:discover_packages(prefix_path) discover
[0.432s] WARNING:colcon.colcon_ros.prefix_path.ament:The path '/home/josue/Documentos/JOSUE/04_ROS/ros2_ws/install/basic_mobile_robot' in the environment variable AMENT_PREFIX_PATH doesn't exist
[0.433s] WARNING:colcon.colcon_ros.prefix_path.catkin:The path '/home/josue/Documentos/JOSUE/04_ROS/ros2_ws/install/basic_mobile_robot' in the environment variable CMAKE_PREFIX_PATH doesn't exist
[0.433s] DEBUG:colcon.colcon_installed_package_information.package_discovery:Found 1 installed packages in /home/josue/Documentos/JOSUE/04_ROS/ros2_ws/install
[0.434s] DEBUG:colcon.colcon_installed_package_information.package_discovery:Found 5 installed packages in /home/josue/ros2_ws/install
[0.434s] DEBUG:colcon.colcon_installed_package_information.package_discovery:Found 5 installed packages in /home/josue/microros_ws/install
[0.435s] DEBUG:colcon.colcon_installed_package_information.package_discovery:Found 288 installed packages in /opt/ros/humble
[0.437s] Level 1:colcon.colcon_core.package_discovery:discover_packages(prefix_path) using defaults
[0.513s] Level 5:colcon.colcon_core.verb:set package 'basic_mobile_robot' build argument 'cmake_args' from command line to 'None'
[0.513s] Level 5:colcon.colcon_core.verb:set package 'basic_mobile_robot' build argument 'cmake_target' from command line to 'None'
[0.513s] Level 5:colcon.colcon_core.verb:set package 'basic_mobile_robot' build argument 'cmake_target_skip_unavailable' from command line to 'False'
[0.513s] Level 5:colcon.colcon_core.verb:set package 'basic_mobile_robot' build argument 'cmake_clean_cache' from command line to 'False'
[0.513s] Level 5:colcon.colcon_core.verb:set package 'basic_mobile_robot' build argument 'cmake_clean_first' from command line to 'False'
[0.513s] Level 5:colcon.colcon_core.verb:set package 'basic_mobile_robot' build argument 'cmake_force_configure' from command line to 'False'
[0.513s] Level 5:colcon.colcon_core.verb:set package 'basic_mobile_robot' build argument 'ament_cmake_args' from command line to 'None'
[0.513s] Level 5:colcon.colcon_core.verb:set package 'basic_mobile_robot' build argument 'catkin_cmake_args' from command line to 'None'
[0.513s] Level 5:colcon.colcon_core.verb:set package 'basic_mobile_robot' build argument 'catkin_skip_building_tests' from command line to 'False'
[0.514s] DEBUG:colcon.colcon_core.verb:Building package 'basic_mobile_robot' with the following arguments: {'ament_cmake_args': None, 'build_base': '/home/josue/Documentos/JOSUE/04_ROS/ros2_ws/build/basic_mobile_robot', 'catkin_cmake_args': None, 'catkin_skip_building_tests': False, 'cmake_args': None, 'cmake_clean_cache': False, 'cmake_clean_first': False, 'cmake_force_configure': False, 'cmake_target': None, 'cmake_target_skip_unavailable': False, 'install_base': '/home/josue/Documentos/JOSUE/04_ROS/ros2_ws/install/basic_mobile_robot', 'merge_install': False, 'path': '/home/josue/Documentos/JOSUE/04_ROS/ros2_ws/src/basic_mobile_robot', 'symlink_install': False, 'test_result_base': None}
[0.514s] INFO:colcon.colcon_core.executor:Executing jobs using 'parallel' executor
[0.515s] DEBUG:colcon.colcon_parallel_executor.executor.parallel:run_until_complete
[0.516s] INFO:colcon.colcon_ros.task.ament_cmake.build:Building ROS package in '/home/josue/Documentos/JOSUE/04_ROS/ros2_ws/src/basic_mobile_robot' with build type 'ament_cmake'
[0.516s] INFO:colcon.colcon_cmake.task.cmake.build:Building CMake package in '/home/josue/Documentos/JOSUE/04_ROS/ros2_ws/src/basic_mobile_robot'
[0.519s] INFO:colcon.colcon_core.plugin_system:Skipping extension 'colcon_core.shell.bat': Not used on non-Windows systems
[0.519s] INFO:colcon.colcon_core.shell:Skip shell extension 'powershell' for command environment: Not usable outside of PowerShell
[0.519s] DEBUG:colcon.colcon_core.shell:Skip shell extension 'dsv' for command environment
[0.533s] DEBUG:colcon.colcon_core.event_handler.log_command:Invoking command in '/home/josue/Documentos/JOSUE/04_ROS/ros2_ws/build/basic_mobile_robot': CMAKE_PREFIX_PATH=${CMAKE_PREFIX_PATH}:/home/josue/Documentos/JOSUE/04_ROS/ros2_ws/install/mi_proyecto_de_ros2:/home/josue/ros2_ws/install/test_python_pkg:/home/josue/ros2_ws/install/mqtt_ros2_bridge:/home/josue/ros2_ws/install/line_follower_pkg:/home/josue/ros2_ws/install/agv_teleop:/home/josue/ros2_ws/install/agv_description:/opt/ros/humble /usr/bin/cmake /home/josue/Documentos/JOSUE/04_ROS/ros2_ws/src/basic_mobile_robot -DCMAKE_INSTALL_PREFIX=/home/josue/Documentos/JOSUE/04_ROS/ros2_ws/install/basic_mobile_robot
[3.796s] DEBUG:colcon.colcon_core.event_handler.log_command:Invoked command in '/home/josue/Documentos/JOSUE/04_ROS/ros2_ws/build/basic_mobile_robot' returned '0': CMAKE_PREFIX_PATH=${CMAKE_PREFIX_PATH}:/home/josue/Documentos/JOSUE/04_ROS/ros2_ws/install/mi_proyecto_de_ros2:/home/josue/ros2_ws/install/test_python_pkg:/home/josue/ros2_ws/install/mqtt_ros2_bridge:/home/josue/ros2_ws/install/line_follower_pkg:/home/josue/ros2_ws/install/agv_teleop:/home/josue/ros2_ws/install/agv_description:/opt/ros/humble /usr/bin/cmake /home/josue/Documentos/JOSUE/04_ROS/ros2_ws/src/basic_mobile_robot -DCMAKE_INSTALL_PREFIX=/home/josue/Documentos/JOSUE/04_ROS/ros2_ws/install/basic_mobile_robot
[3.799s] DEBUG:colcon.colcon_core.event_handler.log_command:Invoking command in '/home/josue/Documentos/JOSUE/04_ROS/ros2_ws/build/basic_mobile_robot': CMAKE_PREFIX_PATH=${CMAKE_PREFIX_PATH}:/home/josue/Documentos/JOSUE/04_ROS/ros2_ws/install/mi_proyecto_de_ros2:/home/josue/ros2_ws/install/test_python_pkg:/home/josue/ros2_ws/install/mqtt_ros2_bridge:/home/josue/ros2_ws/install/line_follower_pkg:/home/josue/ros2_ws/install/agv_teleop:/home/josue/ros2_ws/install/agv_description:/opt/ros/humble /usr/bin/cmake --build /home/josue/Documentos/JOSUE/04_ROS/ros2_ws/build/basic_mobile_robot -- -j3 -l3
[3.851s] DEBUG:colcon.colcon_core.event_handler.log_command:Invoked command in '/home/josue/Documentos/JOSUE/04_ROS/ros2_ws/build/basic_mobile_robot' returned '0': CMAKE_PREFIX_PATH=${CMAKE_PREFIX_PATH}:/home/josue/Documentos/JOSUE/04_ROS/ros2_ws/install/mi_proyecto_de_ros2:/home/josue/ros2_ws/install/test_python_pkg:/home/josue/ros2_ws/install/mqtt_ros2_bridge:/home/josue/ros2_ws/install/line_follower_pkg:/home/josue/ros2_ws/install/agv_teleop:/home/josue/ros2_ws/install/agv_description:/opt/ros/humble /usr/bin/cmake --build /home/josue/Documentos/JOSUE/04_ROS/ros2_ws/build/basic_mobile_robot -- -j3 -l3
[3.859s] DEBUG:colcon.colcon_core.event_handler.log_command:Invoking command in '/home/josue/Documentos/JOSUE/04_ROS/ros2_ws/build/basic_mobile_robot': CMAKE_PREFIX_PATH=${CMAKE_PREFIX_PATH}:/home/josue/Documentos/JOSUE/04_ROS/ros2_ws/install/mi_proyecto_de_ros2:/home/josue/ros2_ws/install/test_python_pkg:/home/josue/ros2_ws/install/mqtt_ros2_bridge:/home/josue/ros2_ws/install/line_follower_pkg:/home/josue/ros2_ws/install/agv_teleop:/home/josue/ros2_ws/install/agv_description:/opt/ros/humble /usr/bin/cmake --install /home/josue/Documentos/JOSUE/04_ROS/ros2_ws/build/basic_mobile_robot
[3.880s] Level 1:colcon.colcon_core.environment:create_environment_scripts_only(basic_mobile_robot)
[3.881s] DEBUG:colcon.colcon_core.event_handler.log_command:Invoked command in '/home/josue/Documentos/JOSUE/04_ROS/ros2_ws/build/basic_mobile_robot' returned '0': CMAKE_PREFIX_PATH=${CMAKE_PREFIX_PATH}:/home/josue/Documentos/JOSUE/04_ROS/ros2_ws/install/mi_proyecto_de_ros2:/home/josue/ros2_ws/install/test_python_pkg:/home/josue/ros2_ws/install/mqtt_ros2_bridge:/home/josue/ros2_ws/install/line_follower_pkg:/home/josue/ros2_ws/install/agv_teleop:/home/josue/ros2_ws/install/agv_description:/opt/ros/humble /usr/bin/cmake --install /home/josue/Documentos/JOSUE/04_ROS/ros2_ws/build/basic_mobile_robot
[3.884s] Level 1:colcon.colcon_core.environment:checking '/home/josue/Documentos/JOSUE/04_ROS/ros2_ws/install/basic_mobile_robot' for CMake module files
[3.885s] Level 1:colcon.colcon_core.environment:checking '/home/josue/Documentos/JOSUE/04_ROS/ros2_ws/install/basic_mobile_robot' for CMake config files
[3.885s] Level 1:colcon.colcon_core.shell:create_environment_hook('basic_mobile_robot', 'cmake_prefix_path')
[3.885s] INFO:colcon.colcon_core.shell:Creating environment hook '/home/josue/Documentos/JOSUE/04_ROS/ros2_ws/install/basic_mobile_robot/share/basic_mobile_robot/hook/cmake_prefix_path.ps1'
[3.886s] INFO:colcon.colcon_core.shell:Creating environment descriptor '/home/josue/Documentos/JOSUE/04_ROS/ros2_ws/install/basic_mobile_robot/share/basic_mobile_robot/hook/cmake_prefix_path.dsv'
[3.887s] INFO:colcon.colcon_core.shell:Creating environment hook '/home/josue/Documentos/JOSUE/04_ROS/ros2_ws/install/basic_mobile_robot/share/basic_mobile_robot/hook/cmake_prefix_path.sh'
[3.888s] Level 1:colcon.colcon_core.environment:checking '/home/josue/Documentos/JOSUE/04_ROS/ros2_ws/install/basic_mobile_robot/bin'
[3.888s] Level 1:colcon.colcon_core.environment:checking '/home/josue/Documentos/JOSUE/04_ROS/ros2_ws/install/basic_mobile_robot/lib/pkgconfig/basic_mobile_robot.pc'
[3.888s] Level 1:colcon.colcon_core.environment:checking '/home/josue/Documentos/JOSUE/04_ROS/ros2_ws/install/basic_mobile_robot/lib/python3.10/site-packages'
[3.889s] Level 1:colcon.colcon_core.environment:checking '/home/josue/Documentos/JOSUE/04_ROS/ros2_ws/install/basic_mobile_robot/bin'
[3.889s] INFO:colcon.colcon_core.shell:Creating package script '/home/josue/Documentos/JOSUE/04_ROS/ros2_ws/install/basic_mobile_robot/share/basic_mobile_robot/package.ps1'
[3.891s] INFO:colcon.colcon_core.shell:Creating package descriptor '/home/josue/Documentos/JOSUE/04_ROS/ros2_ws/install/basic_mobile_robot/share/basic_mobile_robot/package.dsv'
[3.892s] INFO:colcon.colcon_core.shell:Creating package script '/home/josue/Documentos/JOSUE/04_ROS/ros2_ws/install/basic_mobile_robot/share/basic_mobile_robot/package.sh'
[3.893s] INFO:colcon.colcon_core.shell:Creating package script '/home/josue/Documentos/JOSUE/04_ROS/ros2_ws/install/basic_mobile_robot/share/basic_mobile_robot/package.bash'
[3.894s] INFO:colcon.colcon_core.shell:Creating package script '/home/josue/Documentos/JOSUE/04_ROS/ros2_ws/install/basic_mobile_robot/share/basic_mobile_robot/package.zsh'
[3.895s] Level 1:colcon.colcon_core.environment:create_file_with_runtime_dependencies(/home/josue/Documentos/JOSUE/04_ROS/ros2_ws/install/basic_mobile_robot/share/colcon-core/packages/basic_mobile_robot)
[3.896s] Level 1:colcon.colcon_core.environment:create_environment_scripts_only(basic_mobile_robot)
[3.896s] Level 1:colcon.colcon_core.environment:checking '/home/josue/Documentos/JOSUE/04_ROS/ros2_ws/install/basic_mobile_robot' for CMake module files
[3.897s] Level 1:colcon.colcon_core.environment:checking '/home/josue/Documentos/JOSUE/04_ROS/ros2_ws/install/basic_mobile_robot' for CMake config files
[3.897s] Level 1:colcon.colcon_core.shell:create_environment_hook('basic_mobile_robot', 'cmake_prefix_path')
[3.897s] INFO:colcon.colcon_core.shell:Creating environment hook '/home/josue/Documentos/JOSUE/04_ROS/ros2_ws/install/basic_mobile_robot/share/basic_mobile_robot/hook/cmake_prefix_path.ps1'
[3.897s] INFO:colcon.colcon_core.shell:Creating environment descriptor '/home/josue/Documentos/JOSUE/04_ROS/ros2_ws/install/basic_mobile_robot/share/basic_mobile_robot/hook/cmake_prefix_path.dsv'
[3.898s] INFO:colcon.colcon_core.shell:Creating environment hook '/home/josue/Documentos/JOSUE/04_ROS/ros2_ws/install/basic_mobile_robot/share/basic_mobile_robot/hook/cmake_prefix_path.sh'
[3.899s] Level 1:colcon.colcon_core.environment:checking '/home/josue/Documentos/JOSUE/04_ROS/ros2_ws/install/basic_mobile_robot/bin'
[3.899s] Level 1:colcon.colcon_core.environment:checking '/home/josue/Documentos/JOSUE/04_ROS/ros2_ws/install/basic_mobile_robot/lib/pkgconfig/basic_mobile_robot.pc'
[3.899s] Level 1:colcon.colcon_core.environment:checking '/home/josue/Documentos/JOSUE/04_ROS/ros2_ws/install/basic_mobile_robot/lib/python3.10/site-packages'
[3.899s] Level 1:colcon.colcon_core.environment:checking '/home/josue/Documentos/JOSUE/04_ROS/ros2_ws/install/basic_mobile_robot/bin'
[3.900s] INFO:colcon.colcon_core.shell:Creating package script '/home/josue/Documentos/JOSUE/04_ROS/ros2_ws/install/basic_mobile_robot/share/basic_mobile_robot/package.ps1'
[3.900s] INFO:colcon.colcon_core.shell:Creating package descriptor '/home/josue/Documentos/JOSUE/04_ROS/ros2_ws/install/basic_mobile_robot/share/basic_mobile_robot/package.dsv'
[3.901s] INFO:colcon.colcon_core.shell:Creating package script '/home/josue/Documentos/JOSUE/04_ROS/ros2_ws/install/basic_mobile_robot/share/basic_mobile_robot/package.sh'
[3.902s] INFO:colcon.colcon_core.shell:Creating package script '/home/josue/Documentos/JOSUE/04_ROS/ros2_ws/install/basic_mobile_robot/share/basic_mobile_robot/package.bash'
[3.902s] INFO:colcon.colcon_core.shell:Creating package script '/home/josue/Documentos/JOSUE/04_ROS/ros2_ws/install/basic_mobile_robot/share/basic_mobile_robot/package.zsh'
[3.903s] Level 1:colcon.colcon_core.environment:create_file_with_runtime_dependencies(/home/josue/Documentos/JOSUE/04_ROS/ros2_ws/install/basic_mobile_robot/share/colcon-core/packages/basic_mobile_robot)
[3.903s] DEBUG:colcon.colcon_parallel_executor.executor.parallel:closing loop
[3.903s] DEBUG:colcon.colcon_parallel_executor.executor.parallel:loop closed
[3.903s] DEBUG:colcon.colcon_parallel_executor.executor.parallel:run_until_complete finished with '0'
[3.904s] DEBUG:colcon.colcon_core.event_reactor:joining thread
[3.911s] INFO:colcon.colcon_core.plugin_system:Skipping extension 'colcon_notification.desktop_notification.terminal_notifier': Not used on non-Darwin systems
[3.911s] INFO:colcon.colcon_core.plugin_system:Skipping extension 'colcon_notification.desktop_notification.win32': Not used on non-Windows systems
[3.911s] INFO:colcon.colcon_notification.desktop_notification:Sending desktop notification using 'notify2'
[3.934s] DEBUG:colcon.colcon_core.event_reactor:joined thread
[3.935s] INFO:colcon.colcon_core.shell:Creating prefix script '/home/josue/Documentos/JOSUE/04_ROS/ros2_ws/install/local_setup.ps1'
[3.936s] INFO:colcon.colcon_core.shell:Creating prefix util module '/home/josue/Documentos/JOSUE/04_ROS/ros2_ws/install/_local_setup_util_ps1.py'
[3.939s] INFO:colcon.colcon_core.shell:Creating prefix chain script '/home/josue/Documentos/JOSUE/04_ROS/ros2_ws/install/setup.ps1'
[3.942s] INFO:colcon.colcon_core.shell:Creating prefix script '/home/josue/Documentos/JOSUE/04_ROS/ros2_ws/install/local_setup.sh'
[3.943s] INFO:colcon.colcon_core.shell:Creating prefix util module '/home/josue/Documentos/JOSUE/04_ROS/ros2_ws/install/_local_setup_util_sh.py'
[3.946s] INFO:colcon.colcon_core.shell:Creating prefix chain script '/home/josue/Documentos/JOSUE/04_ROS/ros2_ws/install/setup.sh'
[3.949s] INFO:colcon.colcon_core.shell:Creating prefix script '/home/josue/Documentos/JOSUE/04_ROS/ros2_ws/install/local_setup.bash'
[3.950s] INFO:colcon.colcon_core.shell:Creating prefix chain script '/home/josue/Documentos/JOSUE/04_ROS/ros2_ws/install/setup.bash'
[3.953s] INFO:colcon.colcon_core.shell:Creating prefix script '/home/josue/Documentos/JOSUE/04_ROS/ros2_ws/install/local_setup.zsh'
[3.954s] INFO:colcon.colcon_core.shell:Creating prefix chain script '/home/josue/Documentos/JOSUE/04_ROS/ros2_ws/install/setup.zsh'
