[0.836s] Invoking command in '/home/josue/Documentos/JOSUE/04_ROS/ros2_ws/src/mi_proyecto_de_ros2': PYTHONPATH=/home/josue/Documentos/JOSUE/04_ROS/ros2_ws/build/mi_proyecto_de_ros2/prefix_override:/usr/lib/python3/dist-packages/colcon_core/task/python/colcon_distutils_commands:/home/josue/Documentos/JOSUE/04_ROS/ros2_ws/install/mi_proyecto_de_ros2/lib/python3.10/site-packages: /usr/bin/python3 -W ignore:setup.py install is deprecated -W ignore:easy_install command is deprecated setup.py egg_info --egg-base ../../build/mi_proyecto_de_ros2 build --build-base /home/josue/Documentos/JOSUE/04_ROS/ros2_ws/build/mi_proyecto_de_ros2/build install --record /home/josue/Documentos/JOSUE/04_ROS/ros2_ws/build/mi_proyecto_de_ros2/install.log --single-version-externally-managed install_data
[1.011s] running egg_info
[1.011s] writing ../../build/mi_proyecto_de_ros2/mi_proyecto_de_ros2.egg-info/PKG-INFO
[1.012s] writing dependency_links to ../../build/mi_proyecto_de_ros2/mi_proyecto_de_ros2.egg-info/dependency_links.txt
[1.012s] writing entry points to ../../build/mi_proyecto_de_ros2/mi_proyecto_de_ros2.egg-info/entry_points.txt
[1.012s] writing requirements to ../../build/mi_proyecto_de_ros2/mi_proyecto_de_ros2.egg-info/requires.txt
[1.012s] writing top-level names to ../../build/mi_proyecto_de_ros2/mi_proyecto_de_ros2.egg-info/top_level.txt
[1.014s] reading manifest file '../../build/mi_proyecto_de_ros2/mi_proyecto_de_ros2.egg-info/SOURCES.txt'
[1.015s] writing manifest file '../../build/mi_proyecto_de_ros2/mi_proyecto_de_ros2.egg-info/SOURCES.txt'
[1.015s] running build
[1.015s] running build_py
[1.016s] running install
[1.016s] running install_lib
[1.017s] running install_data
[1.017s] running install_egg_info
[1.019s] removing '/home/josue/Documentos/JOSUE/04_ROS/ros2_ws/install/mi_proyecto_de_ros2/lib/python3.10/site-packages/mi_proyecto_de_ros2-0.0.0-py3.10.egg-info' (and everything under it)
[1.019s] Copying ../../build/mi_proyecto_de_ros2/mi_proyecto_de_ros2.egg-info to /home/josue/Documentos/JOSUE/04_ROS/ros2_ws/install/mi_proyecto_de_ros2/lib/python3.10/site-packages/mi_proyecto_de_ros2-0.0.0-py3.10.egg-info
[1.020s] running install_scripts
[1.042s] Installing mi_nodo_teleop script to /home/josue/Documentos/JOSUE/04_ROS/ros2_ws/install/mi_proyecto_de_ros2/lib/mi_proyecto_de_ros2
[1.042s] Installing mi_primer_nodo script to /home/josue/Documentos/JOSUE/04_ROS/ros2_ws/install/mi_proyecto_de_ros2/lib/mi_proyecto_de_ros2
[1.042s] writing list of installed files to '/home/josue/Documentos/JOSUE/04_ROS/ros2_ws/build/mi_proyecto_de_ros2/install.log'
[1.069s] Invoked command in '/home/josue/Documentos/JOSUE/04_ROS/ros2_ws/src/mi_proyecto_de_ros2' returned '0': PYTHONPATH=/home/josue/Documentos/JOSUE/04_ROS/ros2_ws/build/mi_proyecto_de_ros2/prefix_override:/usr/lib/python3/dist-packages/colcon_core/task/python/colcon_distutils_commands:/home/josue/Documentos/JOSUE/04_ROS/ros2_ws/install/mi_proyecto_de_ros2/lib/python3.10/site-packages: /usr/bin/python3 -W ignore:setup.py install is deprecated -W ignore:easy_install command is deprecated setup.py egg_info --egg-base ../../build/mi_proyecto_de_ros2 build --build-base /home/josue/Documentos/JOSUE/04_ROS/ros2_ws/build/mi_proyecto_de_ros2/build install --record /home/josue/Documentos/JOSUE/04_ROS/ros2_ws/build/mi_proyecto_de_ros2/install.log --single-version-externally-managed install_data
