[0.145s] DEBUG:colcon:Command line arguments: ['/usr/bin/colcon', 'build', '--packages-select', 'basic_mobile_robot']
[0.146s] DEBUG:colcon:Parsed command line arguments: Namespace(log_base=None, log_level=None, verb_name='build', build_base='build', install_base='install', merge_install=False, symlink_install=False, test_result_base=None, continue_on_error=False, executor='parallel', parallel_workers=3, event_handlers=None, ignore_user_meta=False, metas=['./colcon.meta'], base_paths=['.'], packages_ignore=None, packages_ignore_regex=None, paths=None, packages_up_to=None, packages_up_to_regex=None, packages_above=None, packages_above_and_dependencies=None, packages_above_depth=None, packages_select_by_dep=None, packages_skip_by_dep=None, packages_skip_up_to=None, packages_select_build_failed=False, packages_skip_build_finished=False, packages_select_test_failures=False, packages_skip_test_passed=False, packages_select=['basic_mobile_robot'], packages_skip=None, packages_select_regex=None, packages_skip_regex=None, packages_start=None, packages_end=None, allow_overriding=[], cmake_args=None, cmake_target=None, cmake_target_skip_unavailable=False, cmake_clean_cache=False, cmake_clean_first=False, cmake_force_configure=False, ament_cmake_args=None, catkin_cmake_args=None, catkin_skip_building_tests=False, mixin_files=None, mixin=None, verb_parser=<colcon_mixin.mixin.mixin_argument.MixinArgumentDecorator object at 0x72eb6826b910>, verb_extension=<colcon_core.verb.build.BuildVerb object at 0x72eb68337820>, main=<bound method BuildVerb.main of <colcon_core.verb.build.BuildVerb object at 0x72eb68337820>>, mixin_verb=('build',))
[0.333s] Level 1:colcon.colcon_core.package_discovery:discover_packages(colcon_meta) check parameters
[0.333s] Level 1:colcon.colcon_core.package_discovery:discover_packages(recursive) check parameters
[0.333s] Level 1:colcon.colcon_core.package_discovery:discover_packages(ignore) check parameters
[0.333s] Level 1:colcon.colcon_core.package_discovery:discover_packages(path) check parameters
[0.333s] Level 1:colcon.colcon_core.package_discovery:discover_packages(colcon_meta) discover
[0.333s] Level 1:colcon.colcon_core.package_discovery:discover_packages(recursive) discover
[0.333s] INFO:colcon.colcon_core.package_discovery:Crawling recursively for packages in '/home/josue/Documentos/JOSUE/04_ROS/ros2_ws'
[0.333s] Level 1:colcon.colcon_core.package_identification:_identify(.) by extensions ['ignore', 'ignore_ament_install']
[0.333s] Level 1:colcon.colcon_core.package_identification:_identify(.) by extension 'ignore'
[0.333s] Level 1:colcon.colcon_core.package_identification:_identify(.) by extension 'ignore_ament_install'
[0.333s] Level 1:colcon.colcon_core.package_identification:_identify(.) by extensions ['colcon_pkg']
[0.333s] Level 1:colcon.colcon_core.package_identification:_identify(.) by extension 'colcon_pkg'
[0.334s] Level 1:colcon.colcon_core.package_identification:_identify(.) by extensions ['colcon_meta']
[0.334s] Level 1:colcon.colcon_core.package_identification:_identify(.) by extension 'colcon_meta'
[0.334s] Level 1:colcon.colcon_core.package_identification:_identify(.) by extensions ['ros']
[0.334s] Level 1:colcon.colcon_core.package_identification:_identify(.) by extension 'ros'
[0.354s] Level 1:colcon.colcon_core.package_identification:_identify(.) by extensions ['cmake', 'python']
[0.354s] Level 1:colcon.colcon_core.package_identification:_identify(.) by extension 'cmake'
[0.355s] Level 1:colcon.colcon_core.package_identification:_identify(.) by extension 'python'
[0.355s] Level 1:colcon.colcon_core.package_identification:_identify(.) by extensions ['python_setup_py']
[0.355s] Level 1:colcon.colcon_core.package_identification:_identify(.) by extension 'python_setup_py'
[0.355s] Level 1:colcon.colcon_core.package_identification:_identify(build) by extensions ['ignore', 'ignore_ament_install']
[0.355s] Level 1:colcon.colcon_core.package_identification:_identify(build) by extension 'ignore'
[0.355s] Level 1:colcon.colcon_core.package_identification:_identify(build) ignored
[0.355s] Level 1:colcon.colcon_core.package_identification:_identify(install) by extensions ['ignore', 'ignore_ament_install']
[0.355s] Level 1:colcon.colcon_core.package_identification:_identify(install) by extension 'ignore'
[0.355s] Level 1:colcon.colcon_core.package_identification:_identify(install) ignored
[0.355s] Level 1:colcon.colcon_core.package_identification:_identify(log) by extensions ['ignore', 'ignore_ament_install']
[0.355s] Level 1:colcon.colcon_core.package_identification:_identify(log) by extension 'ignore'
[0.355s] Level 1:colcon.colcon_core.package_identification:_identify(log) ignored
[0.356s] Level 1:colcon.colcon_core.package_identification:_identify(src) by extensions ['ignore', 'ignore_ament_install']
[0.356s] Level 1:colcon.colcon_core.package_identification:_identify(src) by extension 'ignore'
[0.356s] Level 1:colcon.colcon_core.package_identification:_identify(src) by extension 'ignore_ament_install'
[0.356s] Level 1:colcon.colcon_core.package_identification:_identify(src) by extensions ['colcon_pkg']
[0.356s] Level 1:colcon.colcon_core.package_identification:_identify(src) by extension 'colcon_pkg'
[0.356s] Level 1:colcon.colcon_core.package_identification:_identify(src) by extensions ['colcon_meta']
[0.356s] Level 1:colcon.colcon_core.package_identification:_identify(src) by extension 'colcon_meta'
[0.356s] Level 1:colcon.colcon_core.package_identification:_identify(src) by extensions ['ros']
[0.356s] Level 1:colcon.colcon_core.package_identification:_identify(src) by extension 'ros'
[0.356s] Level 1:colcon.colcon_core.package_identification:_identify(src) by extensions ['cmake', 'python']
[0.356s] Level 1:colcon.colcon_core.package_identification:_identify(src) by extension 'cmake'
[0.356s] Level 1:colcon.colcon_core.package_identification:_identify(src) by extension 'python'
[0.356s] Level 1:colcon.colcon_core.package_identification:_identify(src) by extensions ['python_setup_py']
[0.356s] Level 1:colcon.colcon_core.package_identification:_identify(src) by extension 'python_setup_py'
[0.356s] Level 1:colcon.colcon_core.package_identification:_identify(src/agv_description) by extensions ['ignore', 'ignore_ament_install']
[0.356s] Level 1:colcon.colcon_core.package_identification:_identify(src/agv_description) by extension 'ignore'
[0.356s] Level 1:colcon.colcon_core.package_identification:_identify(src/agv_description) by extension 'ignore_ament_install'
[0.356s] Level 1:colcon.colcon_core.package_identification:_identify(src/agv_description) by extensions ['colcon_pkg']
[0.356s] Level 1:colcon.colcon_core.package_identification:_identify(src/agv_description) by extension 'colcon_pkg'
[0.357s] Level 1:colcon.colcon_core.package_identification:_identify(src/agv_description) by extensions ['colcon_meta']
[0.357s] Level 1:colcon.colcon_core.package_identification:_identify(src/agv_description) by extension 'colcon_meta'
[0.357s] Level 1:colcon.colcon_core.package_identification:_identify(src/agv_description) by extensions ['ros']
[0.357s] Level 1:colcon.colcon_core.package_identification:_identify(src/agv_description) by extension 'ros'
[0.357s] Level 1:colcon.colcon_core.package_identification:_identify(src/agv_description) by extensions ['cmake', 'python']
[0.357s] Level 1:colcon.colcon_core.package_identification:_identify(src/agv_description) by extension 'cmake'
[0.357s] Level 1:colcon.colcon_core.package_identification:_identify(src/agv_description) by extension 'python'
[0.357s] Level 1:colcon.colcon_core.package_identification:_identify(src/agv_description) by extensions ['python_setup_py']
[0.357s] Level 1:colcon.colcon_core.package_identification:_identify(src/agv_description) by extension 'python_setup_py'
[0.357s] Level 1:colcon.colcon_core.package_identification:_identify(src/agv_description/launch) by extensions ['ignore', 'ignore_ament_install']
[0.357s] Level 1:colcon.colcon_core.package_identification:_identify(src/agv_description/launch) by extension 'ignore'
[0.357s] Level 1:colcon.colcon_core.package_identification:_identify(src/agv_description/launch) by extension 'ignore_ament_install'
[0.357s] Level 1:colcon.colcon_core.package_identification:_identify(src/agv_description/launch) by extensions ['colcon_pkg']
[0.357s] Level 1:colcon.colcon_core.package_identification:_identify(src/agv_description/launch) by extension 'colcon_pkg'
[0.357s] Level 1:colcon.colcon_core.package_identification:_identify(src/agv_description/launch) by extensions ['colcon_meta']
[0.357s] Level 1:colcon.colcon_core.package_identification:_identify(src/agv_description/launch) by extension 'colcon_meta'
[0.357s] Level 1:colcon.colcon_core.package_identification:_identify(src/agv_description/launch) by extensions ['ros']
[0.357s] Level 1:colcon.colcon_core.package_identification:_identify(src/agv_description/launch) by extension 'ros'
[0.358s] Level 1:colcon.colcon_core.package_identification:_identify(src/agv_description/launch) by extensions ['cmake', 'python']
[0.358s] Level 1:colcon.colcon_core.package_identification:_identify(src/agv_description/launch) by extension 'cmake'
[0.358s] Level 1:colcon.colcon_core.package_identification:_identify(src/agv_description/launch) by extension 'python'
[0.358s] Level 1:colcon.colcon_core.package_identification:_identify(src/agv_description/launch) by extensions ['python_setup_py']
[0.358s] Level 1:colcon.colcon_core.package_identification:_identify(src/agv_description/launch) by extension 'python_setup_py'
[0.358s] Level 1:colcon.colcon_core.package_identification:_identify(src/agv_description/urdf) by extensions ['ignore', 'ignore_ament_install']
[0.358s] Level 1:colcon.colcon_core.package_identification:_identify(src/agv_description/urdf) by extension 'ignore'
[0.358s] Level 1:colcon.colcon_core.package_identification:_identify(src/agv_description/urdf) by extension 'ignore_ament_install'
[0.358s] Level 1:colcon.colcon_core.package_identification:_identify(src/agv_description/urdf) by extensions ['colcon_pkg']
[0.358s] Level 1:colcon.colcon_core.package_identification:_identify(src/agv_description/urdf) by extension 'colcon_pkg'
[0.358s] Level 1:colcon.colcon_core.package_identification:_identify(src/agv_description/urdf) by extensions ['colcon_meta']
[0.358s] Level 1:colcon.colcon_core.package_identification:_identify(src/agv_description/urdf) by extension 'colcon_meta'
[0.358s] Level 1:colcon.colcon_core.package_identification:_identify(src/agv_description/urdf) by extensions ['ros']
[0.358s] Level 1:colcon.colcon_core.package_identification:_identify(src/agv_description/urdf) by extension 'ros'
[0.358s] Level 1:colcon.colcon_core.package_identification:_identify(src/agv_description/urdf) by extensions ['cmake', 'python']
[0.358s] Level 1:colcon.colcon_core.package_identification:_identify(src/agv_description/urdf) by extension 'cmake'
[0.358s] Level 1:colcon.colcon_core.package_identification:_identify(src/agv_description/urdf) by extension 'python'
[0.358s] Level 1:colcon.colcon_core.package_identification:_identify(src/agv_description/urdf) by extensions ['python_setup_py']
[0.358s] Level 1:colcon.colcon_core.package_identification:_identify(src/agv_description/urdf) by extension 'python_setup_py'
[0.359s] Level 1:colcon.colcon_core.package_identification:_identify(src/basic_mobile_robot) by extensions ['ignore', 'ignore_ament_install']
[0.359s] Level 1:colcon.colcon_core.package_identification:_identify(src/basic_mobile_robot) by extension 'ignore'
[0.359s] Level 1:colcon.colcon_core.package_identification:_identify(src/basic_mobile_robot) by extension 'ignore_ament_install'
[0.359s] Level 1:colcon.colcon_core.package_identification:_identify(src/basic_mobile_robot) by extensions ['colcon_pkg']
[0.359s] Level 1:colcon.colcon_core.package_identification:_identify(src/basic_mobile_robot) by extension 'colcon_pkg'
[0.359s] Level 1:colcon.colcon_core.package_identification:_identify(src/basic_mobile_robot) by extensions ['colcon_meta']
[0.359s] Level 1:colcon.colcon_core.package_identification:_identify(src/basic_mobile_robot) by extension 'colcon_meta'
[0.359s] Level 1:colcon.colcon_core.package_identification:_identify(src/basic_mobile_robot) by extensions ['ros']
[0.359s] Level 1:colcon.colcon_core.package_identification:_identify(src/basic_mobile_robot) by extension 'ros'
[0.362s] DEBUG:colcon.colcon_core.package_identification:Package 'src/basic_mobile_robot' with type 'ros.ament_cmake' and name 'basic_mobile_robot'
[0.362s] Level 1:colcon.colcon_core.package_identification:_identify(src/line_follower_pkg) by extensions ['ignore', 'ignore_ament_install']
[0.362s] Level 1:colcon.colcon_core.package_identification:_identify(src/line_follower_pkg) by extension 'ignore'
[0.362s] Level 1:colcon.colcon_core.package_identification:_identify(src/line_follower_pkg) by extension 'ignore_ament_install'
[0.362s] Level 1:colcon.colcon_core.package_identification:_identify(src/line_follower_pkg) by extensions ['colcon_pkg']
[0.362s] Level 1:colcon.colcon_core.package_identification:_identify(src/line_follower_pkg) by extension 'colcon_pkg'
[0.362s] Level 1:colcon.colcon_core.package_identification:_identify(src/line_follower_pkg) by extensions ['colcon_meta']
[0.362s] Level 1:colcon.colcon_core.package_identification:_identify(src/line_follower_pkg) by extension 'colcon_meta'
[0.362s] Level 1:colcon.colcon_core.package_identification:_identify(src/line_follower_pkg) by extensions ['ros']
[0.362s] Level 1:colcon.colcon_core.package_identification:_identify(src/line_follower_pkg) by extension 'ros'
[0.362s] Level 1:colcon.colcon_core.package_identification:_identify(src/line_follower_pkg) by extensions ['cmake', 'python']
[0.362s] Level 1:colcon.colcon_core.package_identification:_identify(src/line_follower_pkg) by extension 'cmake'
[0.362s] Level 1:colcon.colcon_core.package_identification:_identify(src/line_follower_pkg) by extension 'python'
[0.363s] Level 1:colcon.colcon_core.package_identification:_identify(src/line_follower_pkg) by extensions ['python_setup_py']
[0.363s] Level 1:colcon.colcon_core.package_identification:_identify(src/line_follower_pkg) by extension 'python_setup_py'
[0.363s] Level 1:colcon.colcon_core.package_identification:_identify(src/line_follower_pkg/launch) by extensions ['ignore', 'ignore_ament_install']
[0.363s] Level 1:colcon.colcon_core.package_identification:_identify(src/line_follower_pkg/launch) by extension 'ignore'
[0.363s] Level 1:colcon.colcon_core.package_identification:_identify(src/line_follower_pkg/launch) by extension 'ignore_ament_install'
[0.363s] Level 1:colcon.colcon_core.package_identification:_identify(src/line_follower_pkg/launch) by extensions ['colcon_pkg']
[0.363s] Level 1:colcon.colcon_core.package_identification:_identify(src/line_follower_pkg/launch) by extension 'colcon_pkg'
[0.363s] Level 1:colcon.colcon_core.package_identification:_identify(src/line_follower_pkg/launch) by extensions ['colcon_meta']
[0.363s] Level 1:colcon.colcon_core.package_identification:_identify(src/line_follower_pkg/launch) by extension 'colcon_meta'
[0.363s] Level 1:colcon.colcon_core.package_identification:_identify(src/line_follower_pkg/launch) by extensions ['ros']
[0.363s] Level 1:colcon.colcon_core.package_identification:_identify(src/line_follower_pkg/launch) by extension 'ros'
[0.363s] Level 1:colcon.colcon_core.package_identification:_identify(src/line_follower_pkg/launch) by extensions ['cmake', 'python']
[0.363s] Level 1:colcon.colcon_core.package_identification:_identify(src/line_follower_pkg/launch) by extension 'cmake'
[0.363s] Level 1:colcon.colcon_core.package_identification:_identify(src/line_follower_pkg/launch) by extension 'python'
[0.363s] Level 1:colcon.colcon_core.package_identification:_identify(src/line_follower_pkg/launch) by extensions ['python_setup_py']
[0.363s] Level 1:colcon.colcon_core.package_identification:_identify(src/line_follower_pkg/launch) by extension 'python_setup_py'
[0.363s] Level 1:colcon.colcon_core.package_identification:_identify(src/line_follower_pkg/line_follower_pkg) by extensions ['ignore', 'ignore_ament_install']
[0.364s] Level 1:colcon.colcon_core.package_identification:_identify(src/line_follower_pkg/line_follower_pkg) by extension 'ignore'
[0.364s] Level 1:colcon.colcon_core.package_identification:_identify(src/line_follower_pkg/line_follower_pkg) by extension 'ignore_ament_install'
[0.364s] Level 1:colcon.colcon_core.package_identification:_identify(src/line_follower_pkg/line_follower_pkg) by extensions ['colcon_pkg']
[0.364s] Level 1:colcon.colcon_core.package_identification:_identify(src/line_follower_pkg/line_follower_pkg) by extension 'colcon_pkg'
[0.364s] Level 1:colcon.colcon_core.package_identification:_identify(src/line_follower_pkg/line_follower_pkg) by extensions ['colcon_meta']
[0.364s] Level 1:colcon.colcon_core.package_identification:_identify(src/line_follower_pkg/line_follower_pkg) by extension 'colcon_meta'
[0.364s] Level 1:colcon.colcon_core.package_identification:_identify(src/line_follower_pkg/line_follower_pkg) by extensions ['ros']
[0.364s] Level 1:colcon.colcon_core.package_identification:_identify(src/line_follower_pkg/line_follower_pkg) by extension 'ros'
[0.364s] Level 1:colcon.colcon_core.package_identification:_identify(src/line_follower_pkg/line_follower_pkg) by extensions ['cmake', 'python']
[0.364s] Level 1:colcon.colcon_core.package_identification:_identify(src/line_follower_pkg/line_follower_pkg) by extension 'cmake'
[0.364s] Level 1:colcon.colcon_core.package_identification:_identify(src/line_follower_pkg/line_follower_pkg) by extension 'python'
[0.364s] Level 1:colcon.colcon_core.package_identification:_identify(src/line_follower_pkg/line_follower_pkg) by extensions ['python_setup_py']
[0.364s] Level 1:colcon.colcon_core.package_identification:_identify(src/line_follower_pkg/line_follower_pkg) by extension 'python_setup_py'
[0.364s] Level 1:colcon.colcon_core.package_identification:_identify(src/mi_proyecto_de_ros2) by extensions ['ignore', 'ignore_ament_install']
[0.364s] Level 1:colcon.colcon_core.package_identification:_identify(src/mi_proyecto_de_ros2) by extension 'ignore'
[0.364s] Level 1:colcon.colcon_core.package_identification:_identify(src/mi_proyecto_de_ros2) by extension 'ignore_ament_install'
[0.364s] Level 1:colcon.colcon_core.package_identification:_identify(src/mi_proyecto_de_ros2) by extensions ['colcon_pkg']
[0.364s] Level 1:colcon.colcon_core.package_identification:_identify(src/mi_proyecto_de_ros2) by extension 'colcon_pkg'
[0.364s] Level 1:colcon.colcon_core.package_identification:_identify(src/mi_proyecto_de_ros2) by extensions ['colcon_meta']
[0.365s] Level 1:colcon.colcon_core.package_identification:_identify(src/mi_proyecto_de_ros2) by extension 'colcon_meta'
[0.365s] Level 1:colcon.colcon_core.package_identification:_identify(src/mi_proyecto_de_ros2) by extensions ['ros']
[0.365s] Level 1:colcon.colcon_core.package_identification:_identify(src/mi_proyecto_de_ros2) by extension 'ros'
[0.365s] DEBUG:colcon.colcon_core.package_identification:Package 'src/mi_proyecto_de_ros2' with type 'ros.ament_python' and name 'mi_proyecto_de_ros2'
[0.366s] Level 1:colcon.colcon_core.package_discovery:discover_packages(recursive) using defaults
[0.366s] Level 1:colcon.colcon_core.package_discovery:discover_packages(ignore) discover
[0.366s] Level 1:colcon.colcon_core.package_discovery:discover_packages(ignore) using defaults
[0.366s] Level 1:colcon.colcon_core.package_discovery:discover_packages(path) discover
[0.366s] Level 1:colcon.colcon_core.package_discovery:discover_packages(path) using defaults
[0.389s] INFO:colcon.colcon_core.package_selection:Skipping not selected package 'mi_proyecto_de_ros2' in 'src/mi_proyecto_de_ros2'
[0.389s] Level 1:colcon.colcon_core.package_discovery:discover_packages(prefix_path) check parameters
[0.389s] Level 1:colcon.colcon_core.package_discovery:discover_packages(prefix_path) discover
[0.392s] DEBUG:colcon.colcon_installed_package_information.package_discovery:Found 2 installed packages in /home/josue/Documentos/JOSUE/04_ROS/ros2_ws/install
[0.392s] DEBUG:colcon.colcon_installed_package_information.package_discovery:Found 5 installed packages in /home/josue/ros2_ws/install
[0.393s] DEBUG:colcon.colcon_installed_package_information.package_discovery:Found 5 installed packages in /home/josue/microros_ws/install
[0.394s] DEBUG:colcon.colcon_installed_package_information.package_discovery:Found 288 installed packages in /opt/ros/humble
[0.396s] Level 1:colcon.colcon_core.package_discovery:discover_packages(prefix_path) using defaults
[0.451s] Level 5:colcon.colcon_core.verb:set package 'basic_mobile_robot' build argument 'cmake_args' from command line to 'None'
[0.451s] Level 5:colcon.colcon_core.verb:set package 'basic_mobile_robot' build argument 'cmake_target' from command line to 'None'
[0.451s] Level 5:colcon.colcon_core.verb:set package 'basic_mobile_robot' build argument 'cmake_target_skip_unavailable' from command line to 'False'
[0.451s] Level 5:colcon.colcon_core.verb:set package 'basic_mobile_robot' build argument 'cmake_clean_cache' from command line to 'False'
[0.451s] Level 5:colcon.colcon_core.verb:set package 'basic_mobile_robot' build argument 'cmake_clean_first' from command line to 'False'
[0.451s] Level 5:colcon.colcon_core.verb:set package 'basic_mobile_robot' build argument 'cmake_force_configure' from command line to 'False'
[0.451s] Level 5:colcon.colcon_core.verb:set package 'basic_mobile_robot' build argument 'ament_cmake_args' from command line to 'None'
[0.451s] Level 5:colcon.colcon_core.verb:set package 'basic_mobile_robot' build argument 'catkin_cmake_args' from command line to 'None'
[0.451s] Level 5:colcon.colcon_core.verb:set package 'basic_mobile_robot' build argument 'catkin_skip_building_tests' from command line to 'False'
[0.451s] DEBUG:colcon.colcon_core.verb:Building package 'basic_mobile_robot' with the following arguments: {'ament_cmake_args': None, 'build_base': '/home/josue/Documentos/JOSUE/04_ROS/ros2_ws/build/basic_mobile_robot', 'catkin_cmake_args': None, 'catkin_skip_building_tests': False, 'cmake_args': None, 'cmake_clean_cache': False, 'cmake_clean_first': False, 'cmake_force_configure': False, 'cmake_target': None, 'cmake_target_skip_unavailable': False, 'install_base': '/home/josue/Documentos/JOSUE/04_ROS/ros2_ws/install/basic_mobile_robot', 'merge_install': False, 'path': '/home/josue/Documentos/JOSUE/04_ROS/ros2_ws/src/basic_mobile_robot', 'symlink_install': False, 'test_result_base': None}
[0.452s] INFO:colcon.colcon_core.executor:Executing jobs using 'parallel' executor
[0.453s] DEBUG:colcon.colcon_parallel_executor.executor.parallel:run_until_complete
[0.453s] INFO:colcon.colcon_ros.task.ament_cmake.build:Building ROS package in '/home/josue/Documentos/JOSUE/04_ROS/ros2_ws/src/basic_mobile_robot' with build type 'ament_cmake'
[0.453s] INFO:colcon.colcon_cmake.task.cmake.build:Building CMake package in '/home/josue/Documentos/JOSUE/04_ROS/ros2_ws/src/basic_mobile_robot'
[0.457s] INFO:colcon.colcon_core.plugin_system:Skipping extension 'colcon_core.shell.bat': Not used on non-Windows systems
[0.458s] INFO:colcon.colcon_core.shell:Skip shell extension 'powershell' for command environment: Not usable outside of PowerShell
[0.458s] DEBUG:colcon.colcon_core.shell:Skip shell extension 'dsv' for command environment
[0.471s] DEBUG:colcon.colcon_core.event_handler.log_command:Invoking command in '/home/josue/Documentos/JOSUE/04_ROS/ros2_ws/build/basic_mobile_robot': CMAKE_PREFIX_PATH=${CMAKE_PREFIX_PATH}:/home/josue/Documentos/JOSUE/04_ROS/ros2_ws/install/mi_proyecto_de_ros2:/home/josue/ros2_ws/install/test_python_pkg:/home/josue/ros2_ws/install/mqtt_ros2_bridge:/home/josue/ros2_ws/install/line_follower_pkg:/home/josue/ros2_ws/install/agv_teleop:/home/josue/ros2_ws/install/agv_description:/opt/ros/humble /usr/bin/cmake --build /home/josue/Documentos/JOSUE/04_ROS/ros2_ws/build/basic_mobile_robot -- -j3 -l3
[0.528s] DEBUG:colcon.colcon_core.event_handler.log_command:Invoked command in '/home/josue/Documentos/JOSUE/04_ROS/ros2_ws/build/basic_mobile_robot' returned '0': CMAKE_PREFIX_PATH=${CMAKE_PREFIX_PATH}:/home/josue/Documentos/JOSUE/04_ROS/ros2_ws/install/mi_proyecto_de_ros2:/home/josue/ros2_ws/install/test_python_pkg:/home/josue/ros2_ws/install/mqtt_ros2_bridge:/home/josue/ros2_ws/install/line_follower_pkg:/home/josue/ros2_ws/install/agv_teleop:/home/josue/ros2_ws/install/agv_description:/opt/ros/humble /usr/bin/cmake --build /home/josue/Documentos/JOSUE/04_ROS/ros2_ws/build/basic_mobile_robot -- -j3 -l3
[0.544s] DEBUG:colcon.colcon_core.event_handler.log_command:Invoking command in '/home/josue/Documentos/JOSUE/04_ROS/ros2_ws/build/basic_mobile_robot': CMAKE_PREFIX_PATH=${CMAKE_PREFIX_PATH}:/home/josue/Documentos/JOSUE/04_ROS/ros2_ws/install/mi_proyecto_de_ros2:/home/josue/ros2_ws/install/test_python_pkg:/home/josue/ros2_ws/install/mqtt_ros2_bridge:/home/josue/ros2_ws/install/line_follower_pkg:/home/josue/ros2_ws/install/agv_teleop:/home/josue/ros2_ws/install/agv_description:/opt/ros/humble /usr/bin/cmake --install /home/josue/Documentos/JOSUE/04_ROS/ros2_ws/build/basic_mobile_robot
[0.559s] Level 1:colcon.colcon_core.environment:create_environment_scripts_only(basic_mobile_robot)
[0.560s] DEBUG:colcon.colcon_core.event_handler.log_command:Invoked command in '/home/josue/Documentos/JOSUE/04_ROS/ros2_ws/build/basic_mobile_robot' returned '0': CMAKE_PREFIX_PATH=${CMAKE_PREFIX_PATH}:/home/josue/Documentos/JOSUE/04_ROS/ros2_ws/install/mi_proyecto_de_ros2:/home/josue/ros2_ws/install/test_python_pkg:/home/josue/ros2_ws/install/mqtt_ros2_bridge:/home/josue/ros2_ws/install/line_follower_pkg:/home/josue/ros2_ws/install/agv_teleop:/home/josue/ros2_ws/install/agv_description:/opt/ros/humble /usr/bin/cmake --install /home/josue/Documentos/JOSUE/04_ROS/ros2_ws/build/basic_mobile_robot
[0.563s] Level 1:colcon.colcon_core.environment:checking '/home/josue/Documentos/JOSUE/04_ROS/ros2_ws/install/basic_mobile_robot' for CMake module files
[0.564s] Level 1:colcon.colcon_core.environment:checking '/home/josue/Documentos/JOSUE/04_ROS/ros2_ws/install/basic_mobile_robot' for CMake config files
[0.565s] Level 1:colcon.colcon_core.shell:create_environment_hook('basic_mobile_robot', 'cmake_prefix_path')
[0.565s] INFO:colcon.colcon_core.shell:Creating environment hook '/home/josue/Documentos/JOSUE/04_ROS/ros2_ws/install/basic_mobile_robot/share/basic_mobile_robot/hook/cmake_prefix_path.ps1'
[0.566s] INFO:colcon.colcon_core.shell:Creating environment descriptor '/home/josue/Documentos/JOSUE/04_ROS/ros2_ws/install/basic_mobile_robot/share/basic_mobile_robot/hook/cmake_prefix_path.dsv'
[0.566s] INFO:colcon.colcon_core.shell:Creating environment hook '/home/josue/Documentos/JOSUE/04_ROS/ros2_ws/install/basic_mobile_robot/share/basic_mobile_robot/hook/cmake_prefix_path.sh'
[0.568s] Level 1:colcon.colcon_core.environment:checking '/home/josue/Documentos/JOSUE/04_ROS/ros2_ws/install/basic_mobile_robot/bin'
[0.568s] Level 1:colcon.colcon_core.environment:checking '/home/josue/Documentos/JOSUE/04_ROS/ros2_ws/install/basic_mobile_robot/lib/pkgconfig/basic_mobile_robot.pc'
[0.569s] Level 1:colcon.colcon_core.environment:checking '/home/josue/Documentos/JOSUE/04_ROS/ros2_ws/install/basic_mobile_robot/lib/python3.10/site-packages'
[0.569s] Level 1:colcon.colcon_core.environment:checking '/home/josue/Documentos/JOSUE/04_ROS/ros2_ws/install/basic_mobile_robot/bin'
[0.570s] INFO:colcon.colcon_core.shell:Creating package script '/home/josue/Documentos/JOSUE/04_ROS/ros2_ws/install/basic_mobile_robot/share/basic_mobile_robot/package.ps1'
[0.571s] INFO:colcon.colcon_core.shell:Creating package descriptor '/home/josue/Documentos/JOSUE/04_ROS/ros2_ws/install/basic_mobile_robot/share/basic_mobile_robot/package.dsv'
[0.572s] INFO:colcon.colcon_core.shell:Creating package script '/home/josue/Documentos/JOSUE/04_ROS/ros2_ws/install/basic_mobile_robot/share/basic_mobile_robot/package.sh'
[0.573s] INFO:colcon.colcon_core.shell:Creating package script '/home/josue/Documentos/JOSUE/04_ROS/ros2_ws/install/basic_mobile_robot/share/basic_mobile_robot/package.bash'
[0.574s] INFO:colcon.colcon_core.shell:Creating package script '/home/josue/Documentos/JOSUE/04_ROS/ros2_ws/install/basic_mobile_robot/share/basic_mobile_robot/package.zsh'
[0.576s] Level 1:colcon.colcon_core.environment:create_file_with_runtime_dependencies(/home/josue/Documentos/JOSUE/04_ROS/ros2_ws/install/basic_mobile_robot/share/colcon-core/packages/basic_mobile_robot)
[0.578s] Level 1:colcon.colcon_core.environment:create_environment_scripts_only(basic_mobile_robot)
[0.578s] Level 1:colcon.colcon_core.environment:checking '/home/josue/Documentos/JOSUE/04_ROS/ros2_ws/install/basic_mobile_robot' for CMake module files
[0.579s] Level 1:colcon.colcon_core.environment:checking '/home/josue/Documentos/JOSUE/04_ROS/ros2_ws/install/basic_mobile_robot' for CMake config files
[0.579s] Level 1:colcon.colcon_core.shell:create_environment_hook('basic_mobile_robot', 'cmake_prefix_path')
[0.579s] INFO:colcon.colcon_core.shell:Creating environment hook '/home/josue/Documentos/JOSUE/04_ROS/ros2_ws/install/basic_mobile_robot/share/basic_mobile_robot/hook/cmake_prefix_path.ps1'
[0.580s] INFO:colcon.colcon_core.shell:Creating environment descriptor '/home/josue/Documentos/JOSUE/04_ROS/ros2_ws/install/basic_mobile_robot/share/basic_mobile_robot/hook/cmake_prefix_path.dsv'
[0.581s] INFO:colcon.colcon_core.shell:Creating environment hook '/home/josue/Documentos/JOSUE/04_ROS/ros2_ws/install/basic_mobile_robot/share/basic_mobile_robot/hook/cmake_prefix_path.sh'
[0.582s] Level 1:colcon.colcon_core.environment:checking '/home/josue/Documentos/JOSUE/04_ROS/ros2_ws/install/basic_mobile_robot/bin'
[0.583s] Level 1:colcon.colcon_core.environment:checking '/home/josue/Documentos/JOSUE/04_ROS/ros2_ws/install/basic_mobile_robot/lib/pkgconfig/basic_mobile_robot.pc'
[0.583s] Level 1:colcon.colcon_core.environment:checking '/home/josue/Documentos/JOSUE/04_ROS/ros2_ws/install/basic_mobile_robot/lib/python3.10/site-packages'
[0.584s] Level 1:colcon.colcon_core.environment:checking '/home/josue/Documentos/JOSUE/04_ROS/ros2_ws/install/basic_mobile_robot/bin'
[0.584s] INFO:colcon.colcon_core.shell:Creating package script '/home/josue/Documentos/JOSUE/04_ROS/ros2_ws/install/basic_mobile_robot/share/basic_mobile_robot/package.ps1'
[0.586s] INFO:colcon.colcon_core.shell:Creating package descriptor '/home/josue/Documentos/JOSUE/04_ROS/ros2_ws/install/basic_mobile_robot/share/basic_mobile_robot/package.dsv'
[0.589s] INFO:colcon.colcon_core.shell:Creating package script '/home/josue/Documentos/JOSUE/04_ROS/ros2_ws/install/basic_mobile_robot/share/basic_mobile_robot/package.sh'
[0.590s] INFO:colcon.colcon_core.shell:Creating package script '/home/josue/Documentos/JOSUE/04_ROS/ros2_ws/install/basic_mobile_robot/share/basic_mobile_robot/package.bash'
[0.591s] INFO:colcon.colcon_core.shell:Creating package script '/home/josue/Documentos/JOSUE/04_ROS/ros2_ws/install/basic_mobile_robot/share/basic_mobile_robot/package.zsh'
[0.592s] Level 1:colcon.colcon_core.environment:create_file_with_runtime_dependencies(/home/josue/Documentos/JOSUE/04_ROS/ros2_ws/install/basic_mobile_robot/share/colcon-core/packages/basic_mobile_robot)
[0.592s] DEBUG:colcon.colcon_parallel_executor.executor.parallel:closing loop
[0.593s] DEBUG:colcon.colcon_parallel_executor.executor.parallel:loop closed
[0.593s] DEBUG:colcon.colcon_parallel_executor.executor.parallel:run_until_complete finished with '0'
[0.593s] DEBUG:colcon.colcon_core.event_reactor:joining thread
[0.606s] INFO:colcon.colcon_core.plugin_system:Skipping extension 'colcon_notification.desktop_notification.terminal_notifier': Not used on non-Darwin systems
[0.606s] INFO:colcon.colcon_core.plugin_system:Skipping extension 'colcon_notification.desktop_notification.win32': Not used on non-Windows systems
[0.606s] INFO:colcon.colcon_notification.desktop_notification:Sending desktop notification using 'notify2'
[0.632s] DEBUG:colcon.colcon_core.event_reactor:joined thread
[0.632s] INFO:colcon.colcon_core.shell:Creating prefix script '/home/josue/Documentos/JOSUE/04_ROS/ros2_ws/install/local_setup.ps1'
[0.634s] INFO:colcon.colcon_core.shell:Creating prefix util module '/home/josue/Documentos/JOSUE/04_ROS/ros2_ws/install/_local_setup_util_ps1.py'
[0.638s] INFO:colcon.colcon_core.shell:Creating prefix chain script '/home/josue/Documentos/JOSUE/04_ROS/ros2_ws/install/setup.ps1'
[0.640s] INFO:colcon.colcon_core.shell:Creating prefix script '/home/josue/Documentos/JOSUE/04_ROS/ros2_ws/install/local_setup.sh'
[0.641s] INFO:colcon.colcon_core.shell:Creating prefix util module '/home/josue/Documentos/JOSUE/04_ROS/ros2_ws/install/_local_setup_util_sh.py'
[0.643s] INFO:colcon.colcon_core.shell:Creating prefix chain script '/home/josue/Documentos/JOSUE/04_ROS/ros2_ws/install/setup.sh'
[0.648s] INFO:colcon.colcon_core.shell:Creating prefix script '/home/josue/Documentos/JOSUE/04_ROS/ros2_ws/install/local_setup.bash'
[0.649s] INFO:colcon.colcon_core.shell:Creating prefix chain script '/home/josue/Documentos/JOSUE/04_ROS/ros2_ws/install/setup.bash'
[0.654s] INFO:colcon.colcon_core.shell:Creating prefix script '/home/josue/Documentos/JOSUE/04_ROS/ros2_ws/install/local_setup.zsh'
[0.656s] INFO:colcon.colcon_core.shell:Creating prefix chain script '/home/josue/Documentos/JOSUE/04_ROS/ros2_ws/install/setup.zsh'
